# JRE version: OpenJDK Runtime Environment (8.0_181-b13) (build 1.8.0_181-8u181-b13-1ubuntu0.16.04.1-b13)
# Java VM: OpenJDK 64-Bit Server VM (25.181-b13 mixed mode linux-amd64 compressed oops)
Heap:
 PSYoungGen      total 279040K, used 20989K [0x000000076ab00000, 0x000000077d000000, 0x00000007c0000000)
  eden space 258048K, 0% used [0x000000076ab00000,0x000000076ab00000,0x000000077a700000)
  from space 20992K, 99% used [0x000000077a700000,0x000000077bb7f690,0x000000077bb80000)
  to   space 20992K, 0% used [0x000000077bb80000,0x000000077bb80000,0x000000077d000000)
 ParOldGen       total 343040K, used 265829K [0x00000006c0000000, 0x00000006d4f00000, 0x000000076ab00000)
  object space 343040K, 77% used [0x00000006c0000000,0x00000006d0399528,0x00000006d4f00000)
 Metaspace       used 13453K, capacity 13930K, committed 14208K, reserved 1062912K
  class space    used 1427K, capacity 1575K, committed 1664K, reserved 1048576K
GC Heap History (9 events):
Event: 5.512 GC heap before
{Heap before GC invocations=1 (full 0):
 PSYoungGen      total 150016K, used 129024K [0x000000076ab00000, 0x0000000775200000, 0x00000007c0000000)
  eden space 129024K, 100% used [0x000000076ab00000,0x0000000772900000,0x0000000772900000)
  from space 20992K, 0% used [0x0000000773d80000,0x0000000773d80000,0x0000000775200000)
  to   space 20992K, 0% used [0x0000000772900000,0x0000000772900000,0x0000000773d80000)
 ParOldGen       total 343040K, used 0K [0x00000006c0000000, 0x00000006d4f00000, 0x000000076ab00000)
  object space 343040K, 0% used [0x00000006c0000000,0x00000006c0000000,0x00000006d4f00000)
 Metaspace       used 9095K, capacity 9370K, committed 9600K, reserved 1058816K
  class space    used 1016K, capacity 1113K, committed 1152K, reserved 1048576K
Event: 5.551 GC heap after
Heap after GC invocations=1 (full 0):
 PSYoungGen      total 150016K, used 20979K [0x000000076ab00000, 0x0000000775200000, 0x00000007c0000000)
  eden space 129024K, 0% used [0x000000076ab00000,0x000000076ab00000,0x0000000772900000)
  from space 20992K, 99% used [0x0000000772900000,0x0000000773d7cd28,0x0000000773d80000)
  to   space 20992K, 0% used [0x0000000773d80000,0x0000000773d80000,0x0000000775200000)
 ParOldGen       total 343040K, used 41264K [0x00000006c0000000, 0x00000006d4f00000, 0x000000076ab00000)
  object space 343040K, 12% used [0x00000006c0000000,0x00000006c284c158,0x00000006d4f00000)
 Metaspace       used 9095K, capacity 9370K, committed 9600K, reserved 1058816K
  class space    used 1016K, capacity 1113K, committed 1152K, reserved 1048576K
}
Event: 5.706 GC heap before
{Heap before GC invocations=2 (full 0):
 PSYoungGen      total 150016K, used 150003K [0x000000076ab00000, 0x0000000775200000, 0x00000007c0000000)
  eden space 129024K, 100% used [0x000000076ab00000,0x0000000772900000,0x0000000772900000)
  from space 20992K, 99% used [0x0000000772900000,0x0000000773d7cd28,0x0000000773d80000)
  to   space 20992K, 0% used [0x0000000773d80000,0x0000000773d80000,0x0000000775200000)
 ParOldGen       total 343040K, used 41264K [0x00000006c0000000, 0x00000006d4f00000, 0x000000076ab00000)
  object space 343040K, 12% used [0x00000006c0000000,0x00000006c284c158,0x00000006d4f00000)
 Metaspace       used 9160K, capacity 9440K, committed 9600K, reserved 1058816K
  class space    used 1018K, capacity 1114K, committed 1152K, reserved 1048576K
Event: 5.761 GC heap after
Heap after GC invocations=2 (full 0):
 PSYoungGen      total 150016K, used 20979K [0x000000076ab00000, 0x000000077d000000, 0x00000007c0000000)
  eden space 129024K, 0% used [0x000000076ab00000,0x000000076ab00000,0x0000000772900000)
  from space 20992K, 99% used [0x0000000773d80000,0x00000007751fccf8,0x0000000775200000)
  to   space 20992K, 0% used [0x0000000772900000,0x0000000772900000,0x0000000773d80000)
 ParOldGen       total 343040K, used 86160K [0x00000006c0000000, 0x00000006d4f00000, 0x000000076ab00000)
  object space 343040K, 25% used [0x00000006c0000000,0x00000006c5424158,0x00000006d4f00000)
 Metaspace       used 9160K, capacity 9440K, committed 9600K, reserved 1058816K
  class space    used 1018K, capacity 1114K, committed 1152K, reserved 1048576K
}
Event: 12.223 GC heap before
{Heap before GC invocations=3 (full 0):
 PSYoungGen      total 150016K, used 149967K [0x000000076ab00000, 0x000000077d000000, 0x00000007c0000000)
  eden space 129024K, 99% used [0x000000076ab00000,0x00000007728f7098,0x0000000772900000)
  from space 20992K, 99% used [0x0000000773d80000,0x00000007751fccf8,0x0000000775200000)
  to   space 20992K, 0% used [0x0000000772900000,0x0000000772900000,0x0000000773d80000)
 ParOldGen       total 343040K, used 86160K [0x00000006c0000000, 0x00000006d4f00000, 0x000000076ab00000)
  object space 343040K, 25% used [0x00000006c0000000,0x00000006c5424158,0x00000006d4f00000)
 Metaspace       used 10761K, capacity 11106K, committed 11392K, reserved 1058816K
  class space    used 1160K, capacity 1289K, committed 1408K, reserved 1048576K
Event: 12.981 GC heap after
Heap after GC invocations=3 (full 0):
 PSYoungGen      total 150016K, used 20974K [0x000000076ab00000, 0x000000077d000000, 0x00000007c0000000)
  eden space 129024K, 0% used [0x000000076ab00000,0x000000076ab00000,0x0000000772900000)
  from space 20992K, 99% used [0x0000000772900000,0x0000000773d7b960,0x0000000773d80000)
  to   space 20992K, 0% used [0x000000077bb80000,0x000000077bb80000,0x000000077d000000)
 ParOldGen       total 343040K, used 150062K [0x00000006c0000000, 0x00000006d4f00000, 0x000000076ab00000)
  object space 343040K, 43% used [0x00000006c0000000,0x00000006c928b868,0x00000006d4f00000)
 Metaspace       used 10761K, capacity 11106K, committed 11392K, reserved 1058816K
  class space    used 1160K, capacity 1289K, committed 1408K, reserved 1048576K
}
Event: 14.608 GC heap before
{Heap before GC invocations=4 (full 0):
 PSYoungGen      total 150016K, used 149998K [0x000000076ab00000, 0x000000077d000000, 0x00000007c0000000)
  eden space 129024K, 100% used [0x000000076ab00000,0x0000000772900000,0x0000000772900000)
  from space 20992K, 99% used [0x0000000772900000,0x0000000773d7b960,0x0000000773d80000)
  to   space 20992K, 0% used [0x000000077bb80000,0x000000077bb80000,0x000000077d000000)
 ParOldGen       total 343040K, used 150062K [0x00000006c0000000, 0x00000006d4f00000, 0x000000076ab00000)
  object space 343040K, 43% used [0x00000006c0000000,0x00000006c928b868,0x00000006d4f00000)
 Metaspace       used 11900K, capacity 12232K, committed 12416K, reserved 1060864K
  class space    used 1270K, capacity 1386K, committed 1408K, reserved 1048576K
Event: 16.446 GC heap after
Heap after GC invocations=4 (full 0):
 PSYoungGen      total 279040K, used 20975K [0x000000076ab00000, 0x000000077d000000, 0x00000007c0000000)
  eden space 258048K, 0% used [0x000000076ab00000,0x000000076ab00000,0x000000077a700000)
  from space 20992K, 99% used [0x000000077bb80000,0x000000077cffbc10,0x000000077d000000)
  to   space 20992K, 0% used [0x000000077a700000,0x000000077a700000,0x000000077bb80000)
 ParOldGen       total 343040K, used 236840K [0x00000006c0000000, 0x00000006d4f00000, 0x000000076ab00000)
  object space 343040K, 69% used [0x00000006c0000000,0x00000006ce74a2a8,0x00000006d4f00000)
 Metaspace       used 11900K, capacity 12232K, committed 12416K, reserved 1060864K
  class space    used 1270K, capacity 1386K, committed 1408K, reserved 1048576K
}
Event: 22.585 GC heap before
{Heap before GC invocations=5 (full 0):
 PSYoungGen      total 279040K, used 278979K [0x000000076ab00000, 0x000000077d000000, 0x00000007c0000000)
  eden space 258048K, 99% used [0x000000076ab00000,0x000000077a6f5208,0x000000077a700000)
  from space 20992K, 99% used [0x000000077bb80000,0x000000077cffbc10,0x000000077d000000)
  to   space 20992K, 0% used [0x000000077a700000,0x000000077a700000,0x000000077bb80000)
 ParOldGen       total 343040K, used 236840K [0x00000006c0000000, 0x00000006d4f00000, 0x000000076ab00000)
  object space 343040K, 69% used [0x00000006c0000000,0x00000006ce74a2a8,0x00000006d4f00000)
 Metaspace       used 13453K, capacity 13930K, committed 14208K, reserved 1062912K
  class space    used 1427K, capacity 1575K, committed 1664K, reserved 1048576K

