# JRE version: OpenJDK Runtime Environment (8.0_181-b13) (build 1.8.0_181-8u181-b13-1ubuntu0.16.04.1-b13)
# Java VM: OpenJDK 64-Bit Server VM (25.181-b13 mixed mode linux-amd64 compressed oops)
Heap:
 PSYoungGen      total 279040K, used 3780K [0x000000076ab00000, 0x000000077d000000, 0x00000007c0000000)
  eden space 258048K, 0% used [0x000000076ab00000,0x000000076ab00000,0x000000077a700000)
  from space 20992K, 18% used [0x000000077a700000,0x000000077aab12b8,0x000000077bb80000)
  to   space 20992K, 0% used [0x000000077bb80000,0x000000077bb80000,0x000000077d000000)
 ParOldGen       total 443904K, used 159951K [0x00000006c0000000, 0x00000006db180000, 0x000000076ab00000)
  object space 443904K, 36% used [0x00000006c0000000,0x00000006c9c33d38,0x00000006db180000)
 Metaspace       used 13436K, capacity 13946K, committed 14208K, reserved 1062912K
  class space    used 1427K, capacity 1575K, committed 1664K, reserved 1048576K
GC Heap History (10 events):
Event: 3.203 GC heap after
Heap after GC invocations=1 (full 0):
 PSYoungGen      total 150016K, used 20963K [0x000000076ab00000, 0x0000000775200000, 0x00000007c0000000)
  eden space 129024K, 0% used [0x000000076ab00000,0x000000076ab00000,0x0000000772900000)
  from space 20992K, 99% used [0x0000000772900000,0x0000000773d78cf8,0x0000000773d80000)
  to   space 20992K, 0% used [0x0000000773d80000,0x0000000773d80000,0x0000000775200000)
 ParOldGen       total 343040K, used 41408K [0x00000006c0000000, 0x00000006d4f00000, 0x000000076ab00000)
  object space 343040K, 12% used [0x00000006c0000000,0x00000006c2870070,0x00000006d4f00000)
 Metaspace       used 9093K, capacity 9370K, committed 9600K, reserved 1058816K
  class space    used 1016K, capacity 1113K, committed 1152K, reserved 1048576K
}
Event: 3.385 GC heap before
{Heap before GC invocations=2 (full 0):
 PSYoungGen      total 150016K, used 149987K [0x000000076ab00000, 0x0000000775200000, 0x00000007c0000000)
  eden space 129024K, 100% used [0x000000076ab00000,0x0000000772900000,0x0000000772900000)
  from space 20992K, 99% used [0x0000000772900000,0x0000000773d78cf8,0x0000000773d80000)
  to   space 20992K, 0% used [0x0000000773d80000,0x0000000773d80000,0x0000000775200000)
 ParOldGen       total 343040K, used 41408K [0x00000006c0000000, 0x00000006d4f00000, 0x000000076ab00000)
  object space 343040K, 12% used [0x00000006c0000000,0x00000006c2870070,0x00000006d4f00000)
 Metaspace       used 9159K, capacity 9440K, committed 9600K, reserved 1058816K
  class space    used 1018K, capacity 1114K, committed 1152K, reserved 1048576K
Event: 3.413 GC heap after
Heap after GC invocations=2 (full 0):
 PSYoungGen      total 150016K, used 20963K [0x000000076ab00000, 0x000000077d000000, 0x00000007c0000000)
  eden space 129024K, 0% used [0x000000076ab00000,0x000000076ab00000,0x0000000772900000)
  from space 20992K, 99% used [0x0000000773d80000,0x00000007751f8d08,0x0000000775200000)
  to   space 20992K, 0% used [0x0000000772900000,0x0000000772900000,0x0000000773d80000)
 ParOldGen       total 343040K, used 87048K [0x00000006c0000000, 0x00000006d4f00000, 0x000000076ab00000)
  object space 343040K, 25% used [0x00000006c0000000,0x00000006c5502070,0x00000006d4f00000)
 Metaspace       used 9159K, capacity 9440K, committed 9600K, reserved 1058816K
  class space    used 1018K, capacity 1114K, committed 1152K, reserved 1048576K
}
Event: 4.102 GC heap before
{Heap before GC invocations=3 (full 0):
 PSYoungGen      total 150016K, used 149958K [0x000000076ab00000, 0x000000077d000000, 0x00000007c0000000)
  eden space 129024K, 99% used [0x000000076ab00000,0x00000007728f8c80,0x0000000772900000)
  from space 20992K, 99% used [0x0000000773d80000,0x00000007751f8d08,0x0000000775200000)
  to   space 20992K, 0% used [0x0000000772900000,0x0000000772900000,0x0000000773d80000)
 ParOldGen       total 343040K, used 87048K [0x00000006c0000000, 0x00000006d4f00000, 0x000000076ab00000)
  object space 343040K, 25% used [0x00000006c0000000,0x00000006c5502070,0x00000006d4f00000)
 Metaspace       used 10752K, capacity 11106K, committed 11392K, reserved 1058816K
  class space    used 1160K, capacity 1289K, committed 1408K, reserved 1048576K
Event: 4.124 GC heap after
Heap after GC invocations=3 (full 0):
 PSYoungGen      total 150016K, used 20990K [0x000000076ab00000, 0x000000077d000000, 0x00000007c0000000)
  eden space 129024K, 0% used [0x000000076ab00000,0x000000076ab00000,0x0000000772900000)
  from space 20992K, 99% used [0x0000000772900000,0x0000000773d7f980,0x0000000773d80000)
  to   space 20992K, 0% used [0x000000077bb80000,0x000000077bb80000,0x000000077d000000)
 ParOldGen       total 343040K, used 154524K [0x00000006c0000000, 0x00000006d4f00000, 0x000000076ab00000)
  object space 343040K, 45% used [0x00000006c0000000,0x00000006c96e70a8,0x00000006d4f00000)
 Metaspace       used 10752K, capacity 11106K, committed 11392K, reserved 1058816K
  class space    used 1160K, capacity 1289K, committed 1408K, reserved 1048576K
}
Event: 4.854 GC heap before
{Heap before GC invocations=4 (full 0):
 PSYoungGen      total 150016K, used 150014K [0x000000076ab00000, 0x000000077d000000, 0x00000007c0000000)
  eden space 129024K, 100% used [0x000000076ab00000,0x0000000772900000,0x0000000772900000)
  from space 20992K, 99% used [0x0000000772900000,0x0000000773d7f980,0x0000000773d80000)
  to   space 20992K, 0% used [0x000000077bb80000,0x000000077bb80000,0x000000077d000000)
 ParOldGen       total 343040K, used 154524K [0x00000006c0000000, 0x00000006d4f00000, 0x000000076ab00000)
  object space 343040K, 45% used [0x00000006c0000000,0x00000006c96e70a8,0x00000006d4f00000)
 Metaspace       used 11403K, capacity 11752K, committed 11904K, reserved 1060864K
  class space    used 1230K, capacity 1354K, committed 1408K, reserved 1048576K
Event: 4.941 GC heap after
Heap after GC invocations=4 (full 0):
 PSYoungGen      total 279040K, used 20975K [0x000000076ab00000, 0x000000077d000000, 0x00000007c0000000)
  eden space 258048K, 0% used [0x000000076ab00000,0x000000076ab00000,0x000000077a700000)
  from space 20992K, 99% used [0x000000077bb80000,0x000000077cffbfb0,0x000000077d000000)
  to   space 20992K, 0% used [0x000000077a700000,0x000000077a700000,0x000000077bb80000)
 ParOldGen       total 343040K, used 261981K [0x00000006c0000000, 0x00000006d4f00000, 0x000000076ab00000)
  object space 343040K, 76% used [0x00000006c0000000,0x00000006cffd7560,0x00000006d4f00000)
 Metaspace       used 11403K, capacity 11752K, committed 11904K, reserved 1060864K
  class space    used 1230K, capacity 1354K, committed 1408K, reserved 1048576K
}
Event: 4.941 GC heap before
{Heap before GC invocations=5 (full 1):
 PSYoungGen      total 279040K, used 20975K [0x000000076ab00000, 0x000000077d000000, 0x00000007c0000000)
  eden space 258048K, 0% used [0x000000076ab00000,0x000000076ab00000,0x000000077a700000)
  from space 20992K, 99% used [0x000000077bb80000,0x000000077cffbfb0,0x000000077d000000)
  to   space 20992K, 0% used [0x000000077a700000,0x000000077a700000,0x000000077bb80000)
 ParOldGen       total 343040K, used 261981K [0x00000006c0000000, 0x00000006d4f00000, 0x000000076ab00000)
  object space 343040K, 76% used [0x00000006c0000000,0x00000006cffd7560,0x00000006d4f00000)
 Metaspace       used 11403K, capacity 11752K, committed 11904K, reserved 1060864K
  class space    used 1230K, capacity 1354K, committed 1408K, reserved 1048576K
Event: 5.119 GC heap after
Heap after GC invocations=5 (full 1):
 PSYoungGen      total 279040K, used 0K [0x000000076ab00000, 0x000000077d000000, 0x00000007c0000000)
  eden space 258048K, 0% used [0x000000076ab00000,0x000000076ab00000,0x000000077a700000)
  from space 20992K, 0% used [0x000000077bb80000,0x000000077bb80000,0x000000077d000000)
  to   space 20992K, 0% used [0x000000077a700000,0x000000077a700000,0x000000077bb80000)
 ParOldGen       total 443904K, used 159943K [0x00000006c0000000, 0x00000006db180000, 0x000000076ab00000)
  object space 443904K, 36% used [0x00000006c0000000,0x00000006c9c31d38,0x00000006db180000)
 Metaspace       used 11403K, capacity 11752K, committed 11904K, reserved 1060864K
  class space    used 1230K, capacity 1354K, committed 1408K, reserved 1048576K
}
Event: 6.359 GC heap before
{Heap before GC invocations=6 (full 1):
 PSYoungGen      total 279040K, used 258048K [0x000000076ab00000, 0x000000077d000000, 0x00000007c0000000)
  eden space 258048K, 100% used [0x000000076ab00000,0x000000077a700000,0x000000077a700000)
  from space 20992K, 0% used [0x000000077bb80000,0x000000077bb80000,0x000000077d000000)
  to   space 20992K, 0% used [0x000000077a700000,0x000000077a700000,0x000000077bb80000)
 ParOldGen       total 443904K, used 159943K [0x00000006c0000000, 0x00000006db180000, 0x000000076ab00000)
  object space 443904K, 36% used [0x00000006c0000000,0x00000006c9c31d38,0x00000006db180000)
 Metaspace       used 13436K, capacity 13946K, committed 14208K, reserved 1062912K
  class space    used 1427K, capacity 1575K, committed 1664K, reserved 1048576K

