# JRE version: OpenJDK Runtime Environment (8.0_181-b13) (build 1.8.0_181-8u181-b13-1ubuntu0.16.04.1-b13)
# Java VM: OpenJDK 64-Bit Server VM (25.181-b13 mixed mode linux-amd64 compressed oops)
Heap:
 PSYoungGen      total 488448K, used 736K [0x000000076ab00000, 0x000000078e880000, 0x00000007c0000000)
  eden space 389632K, 0% used [0x000000076ab00000,0x000000076ab00000,0x0000000782780000)
  from space 98816K, 0% used [0x0000000782780000,0x0000000782838000,0x0000000788800000)
  to   space 90112K, 0% used [0x0000000789080000,0x0000000789080000,0x000000078e880000)
 ParOldGen       total 1058304K, used 491172K [0x00000006c0000000, 0x0000000700980000, 0x000000076ab00000)
  object space 1058304K, 46% used [0x00000006c0000000,0x00000006ddfa9310,0x0000000700980000)
 Metaspace       used 14524K, capacity 14884K, committed 15488K, reserved 1062912K
  class space    used 1399K, capacity 1504K, committed 1664K, reserved 1048576K
GC Heap History (10 events):
Event: 19503.363 GC heap after
Heap after GC invocations=20787 (full 53):
 PSYoungGen      total 390656K, used 14150K [0x000000076ab00000, 0x000000078a580000, 0x00000007c0000000)
  eden space 275968K, 0% used [0x000000076ab00000,0x000000076ab00000,0x000000077b880000)
  from space 114688K, 12% used [0x0000000783580000,0x0000000784351a30,0x000000078a580000)
  to   space 121344K, 0% used [0x000000077b880000,0x000000077b880000,0x0000000782f00000)
 ParOldGen       total 1058304K, used 491028K [0x00000006c0000000, 0x0000000700980000, 0x000000076ab00000)
  object space 1058304K, 46% used [0x00000006c0000000,0x00000006ddf85310,0x0000000700980000)
 Metaspace       used 14524K, capacity 14884K, committed 15488K, reserved 1062912K
  class space    used 1399K, capacity 1504K, committed 1664K, reserved 1048576K
}
Event: 19503.945 GC heap before
{Heap before GC invocations=20788 (full 53):
 PSYoungGen      total 390656K, used 290104K [0x000000076ab00000, 0x000000078a580000, 0x00000007c0000000)
  eden space 275968K, 99% used [0x000000076ab00000,0x000000077b87c600,0x000000077b880000)
  from space 114688K, 12% used [0x0000000783580000,0x0000000784351a30,0x000000078a580000)
  to   space 121344K, 0% used [0x000000077b880000,0x000000077b880000,0x0000000782f00000)
 ParOldGen       total 1058304K, used 491028K [0x00000006c0000000, 0x0000000700980000, 0x000000076ab00000)
  object space 1058304K, 46% used [0x00000006c0000000,0x00000006ddf85310,0x0000000700980000)
 Metaspace       used 14524K, capacity 14884K, committed 15488K, reserved 1062912K
  class space    used 1399K, capacity 1504K, committed 1664K, reserved 1048576K
Event: 19503.948 GC heap after
Heap after GC invocations=20788 (full 53):
 PSYoungGen      total 397312K, used 2879K [0x000000076ab00000, 0x000000078cf00000, 0x00000007c0000000)
  eden space 275968K, 0% used [0x000000076ab00000,0x000000076ab00000,0x000000077b880000)
  from space 121344K, 2% used [0x000000077b880000,0x000000077bb4fdb8,0x0000000782f00000)
  to   space 116736K, 0% used [0x0000000785d00000,0x0000000785d00000,0x000000078cf00000)
 ParOldGen       total 1058304K, used 491068K [0x00000006c0000000, 0x0000000700980000, 0x000000076ab00000)
  object space 1058304K, 46% used [0x00000006c0000000,0x00000006ddf8f310,0x0000000700980000)
 Metaspace       used 14524K, capacity 14884K, committed 15488K, reserved 1062912K
  class space    used 1399K, capacity 1504K, committed 1664K, reserved 1048576K
}
Event: 19504.377 GC heap before
{Heap before GC invocations=20789 (full 53):
 PSYoungGen      total 397312K, used 278847K [0x000000076ab00000, 0x000000078cf00000, 0x00000007c0000000)
  eden space 275968K, 100% used [0x000000076ab00000,0x000000077b880000,0x000000077b880000)
  from space 121344K, 2% used [0x000000077b880000,0x000000077bb4fdb8,0x0000000782f00000)
  to   space 116736K, 0% used [0x0000000785d00000,0x0000000785d00000,0x000000078cf00000)
 ParOldGen       total 1058304K, used 491068K [0x00000006c0000000, 0x0000000700980000, 0x000000076ab00000)
  object space 1058304K, 46% used [0x00000006c0000000,0x00000006ddf8f310,0x0000000700980000)
 Metaspace       used 14524K, capacity 14884K, committed 15488K, reserved 1062912K
  class space    used 1399K, capacity 1504K, committed 1664K, reserved 1048576K
Event: 19504.384 GC heap after
Heap after GC invocations=20789 (full 53):
 PSYoungGen      total 435200K, used 3367K [0x000000076ab00000, 0x000000078c580000, 0x00000007c0000000)
  eden space 328192K, 0% used [0x000000076ab00000,0x000000076ab00000,0x000000077eb80000)
  from space 107008K, 3% used [0x0000000785d00000,0x0000000786049f50,0x000000078c580000)
  to   space 111616K, 0% used [0x000000077eb80000,0x000000077eb80000,0x0000000785880000)
 ParOldGen       total 1058304K, used 491084K [0x00000006c0000000, 0x0000000700980000, 0x000000076ab00000)
  object space 1058304K, 46% used [0x00000006c0000000,0x00000006ddf93310,0x0000000700980000)
 Metaspace       used 14524K, capacity 14884K, committed 15488K, reserved 1062912K
  class space    used 1399K, capacity 1504K, committed 1664K, reserved 1048576K
}
Event: 19509.083 GC heap before
{Heap before GC invocations=20790 (full 53):
 PSYoungGen      total 435200K, used 331559K [0x000000076ab00000, 0x000000078c580000, 0x00000007c0000000)
  eden space 328192K, 100% used [0x000000076ab00000,0x000000077eb80000,0x000000077eb80000)
  from space 107008K, 3% used [0x0000000785d00000,0x0000000786049f50,0x000000078c580000)
  to   space 111616K, 0% used [0x000000077eb80000,0x000000077eb80000,0x0000000785880000)
 ParOldGen       total 1058304K, used 491084K [0x00000006c0000000, 0x0000000700980000, 0x000000076ab00000)
  object space 1058304K, 46% used [0x00000006c0000000,0x00000006ddf93310,0x0000000700980000)
 Metaspace       used 14524K, capacity 14884K, committed 15488K, reserved 1062912K
  class space    used 1399K, capacity 1504K, committed 1664K, reserved 1048576K
Event: 19509.208 GC heap after
Heap after GC invocations=20790 (full 53):
 PSYoungGen      total 439808K, used 608K [0x000000076ab00000, 0x000000078f900000, 0x00000007c0000000)
  eden space 328192K, 0% used [0x000000076ab00000,0x000000076ab00000,0x000000077eb80000)
  from space 111616K, 0% used [0x000000077eb80000,0x000000077ec18000,0x0000000785880000)
  to   space 107008K, 0% used [0x0000000789080000,0x0000000789080000,0x000000078f900000)
 ParOldGen       total 1058304K, used 491108K [0x00000006c0000000, 0x0000000700980000, 0x000000076ab00000)
  object space 1058304K, 46% used [0x00000006c0000000,0x00000006ddf99310,0x0000000700980000)
 Metaspace       used 14524K, capacity 14884K, committed 15488K, reserved 1062912K
  class space    used 1399K, capacity 1504K, committed 1664K, reserved 1048576K
}
Event: 19509.940 GC heap before
{Heap before GC invocations=20791 (full 53):
 PSYoungGen      total 439808K, used 328800K [0x000000076ab00000, 0x000000078f900000, 0x00000007c0000000)
  eden space 328192K, 100% used [0x000000076ab00000,0x000000077eb80000,0x000000077eb80000)
  from space 111616K, 0% used [0x000000077eb80000,0x000000077ec18000,0x0000000785880000)
  to   space 107008K, 0% used [0x0000000789080000,0x0000000789080000,0x000000078f900000)
 ParOldGen       total 1058304K, used 491108K [0x00000006c0000000, 0x0000000700980000, 0x000000076ab00000)
  object space 1058304K, 46% used [0x00000006c0000000,0x00000006ddf99310,0x0000000700980000)
 Metaspace       used 14524K, capacity 14884K, committed 15488K, reserved 1062912K
  class space    used 1399K, capacity 1504K, committed 1664K, reserved 1048576K
Event: 19510.066 GC heap after
Heap after GC invocations=20791 (full 53):
 PSYoungGen      total 479744K, used 17985K [0x000000076ab00000, 0x000000078e880000, 0x00000007c0000000)
  eden space 389632K, 0% used [0x000000076ab00000,0x000000076ab00000,0x0000000782780000)
  from space 90112K, 19% used [0x0000000789080000,0x000000078a210778,0x000000078e880000)
  to   space 98816K, 0% used [0x0000000782780000,0x0000000782780000,0x0000000788800000)
 ParOldGen       total 1058304K, used 491164K [0x00000006c0000000, 0x0000000700980000, 0x000000076ab00000)
  object space 1058304K, 46% used [0x00000006c0000000,0x00000006ddfa7310,0x0000000700980000)
 Metaspace       used 14524K, capacity 14884K, committed 15488K, reserved 1062912K
  class space    used 1399K, capacity 1504K, committed 1664K, reserved 1048576K
}
Event: 19513.166 GC heap before
{Heap before GC invocations=20792 (full 53):
 PSYoungGen      total 479744K, used 407617K [0x000000076ab00000, 0x000000078e880000, 0x00000007c0000000)
  eden space 389632K, 100% used [0x000000076ab00000,0x0000000782780000,0x0000000782780000)
  from space 90112K, 19% used [0x0000000789080000,0x000000078a210778,0x000000078e880000)
  to   space 98816K, 0% used [0x0000000782780000,0x0000000782780000,0x0000000788800000)
 ParOldGen       total 1058304K, used 491164K [0x00000006c0000000, 0x0000000700980000, 0x000000076ab00000)
  object space 1058304K, 46% used [0x00000006c0000000,0x00000006ddfa7310,0x0000000700980000)
 Metaspace       used 14524K, capacity 14884K, committed 15488K, reserved 1062912K
  class space    used 1399K, capacity 1504K, committed 1664K, reserved 1048576K

